<?xml version="1.1" encoding="UTF-8" standalone="no"?>
<databaseChangeLog xmlns="http://www.liquibase.org/xml/ns/dbchangelog" xmlns:ext="http://www.liquibase.org/xml/ns/dbchangelog-ext" xmlns:pro="http://www.liquibase.org/xml/ns/pro" xmlns:xsi="http://www.w3.org/2001/XMLSchema-instance" xsi:schemaLocation="http://www.liquibase.org/xml/ns/dbchangelog-ext http://www.liquibase.org/xml/ns/dbchangelog/dbchangelog-ext.xsd http://www.liquibase.org/xml/ns/pro http://www.liquibase.org/xml/ns/pro/liquibase-pro-4.1.xsd http://www.liquibase.org/xml/ns/dbchangelog http://www.liquibase.org/xml/ns/dbchangelog/dbchangelog-4.1.xsd">
    <changeSet author="jleelong" id="1738884248675-6" runInTransaction="true">
        <sql>
            insert into event (code, event_type, event_name) values ('RKO26', 'Company Offsite', 'Revenue Kick-off');
        </sql>
        <sql>
            insert into events (code, event_type, event_name) values ('RKO27', 'Company Offsite', 'Revenue Kick-off');
        </sql>
    </changeSet>
</databaseChangeLog>
